<?xml version="1.0" encoding="UTF-8"?>
<!-- Generated by org.testng.reporters.JUnitReportReporter -->
<testsuite skipped="0" hostname="LAPTOP-39B32HH7" name="com.bank.testsuite.BankTest" tests="5" failures="0" timestamp="03 Dec 2020 21:09:58 GMT" time="48.256" errors="0">
  <testcase name="customerShouldWithdrawMoneySuccessfully" time="10.485" classname="com.bank.testsuite.BankTest"/>
  <testcase name="bankManagerShouldOpenAccountSuccessfully" time="8.846" classname="com.bank.testsuite.BankTest"/>
  <testcase name="customerShouldLoginAndLogoutSuccessfully" time="9.928" classname="com.bank.testsuite.BankTest"/>
  <testcase name="bankManagerShouldAddCustomerSuccessfully" time="7.987" classname="com.bank.testsuite.BankTest"/>
  <testcase name="customerShouldDepositMoneySuccessfully" time="11.010" classname="com.bank.testsuite.BankTest"/>
</testsuite> <!-- com.bank.testsuite.BankTest -->
